<?xml version="1.0" encoding="UTF-8"?>
<coverage generated="1573248253972" clover="3.2.0">
  <project timestamp="1573248253972" name="All files">
    <metrics statements="7" coveredstatements="5" conditionals="0" coveredconditionals="0" methods="2" coveredmethods="1" elements="9" coveredelements="6" complexity="0" loc="7" ncloc="7" packages="1" files="3" classes="3"/>
    <file name="App.js" path="/Users/benmorris/repos/action-test/src/App.js">
      <metrics statements="5" coveredstatements="5" conditionals="0" coveredconditionals="0" methods="1" coveredmethods="1"/>
      <line num="7" count="1" type="stmt"/>
      <line num="8" count="1" type="stmt"/>
      <line num="9" count="1" type="stmt"/>
      <line num="10" count="1" type="stmt"/>
      <line num="11" count="1" type="stmt"/>
    </file>
    <file name="FooService.js" path="/Users/benmorris/repos/action-test/src/FooService.js">
      <metrics statements="1" coveredstatements="0" conditionals="0" coveredconditionals="0" methods="1" coveredmethods="0"/>
      <line num="3" count="0" type="stmt"/>
    </file>
    <file name="index.js" path="/Users/benmorris/repos/action-test/src/index.js">
      <metrics statements="1" coveredstatements="0" conditionals="0" coveredconditionals="0" methods="0" coveredmethods="0"/>
      <line num="6" count="0" type="stmt"/>
    </file>
  </project>
</coverage>
