{"/Users/benmorris/repos/action-test/src/App.js": {"path":"/Users/benmorris/repos/action-test/src/App.js","statementMap":{"0":{"start":{"line":7,"column":14},"end":{"line":7,"column":15}},"1":{"start":{"line":8,"column":14},"end":{"line":8,"column":15}},"2":{"start":{"line":9,"column":14},"end":{"line":9,"column":15}},"3":{"start":{"line":10,"column":4},"end":{"line":10,"column":20}},"4":{"start":{"line":11,"column":4},"end":{"line":21,"column":6}}},"fnMap":{"0":{"name":"(anonymous_0)","decl":{"start":{"line":6,"column":2},"end":{"line":6,"column":3}},"loc":{"start":{"line":6,"column":11},"end":{"line":22,"column":3}},"line":6}},"branchMap":{},"s":{"0":1,"1":1,"2":1,"3":1,"4":1},"f":{"0":1},"b":{},"_coverageSchema":"43e27e138ebf9cfc5966b082cf9a028302ed4184","hash":"70a057ad8a82c8775d0c060e49cedb54e9465b49"}
,"/Users/benmorris/repos/action-test/src/FooService.js": {"path":"/Users/benmorris/repos/action-test/src/FooService.js","statementMap":{"0":{"start":{"line":3,"column":2},"end":{"line":3,"column":15}}},"fnMap":{"0":{"name":"FooService","decl":{"start":{"line":2,"column":16},"end":{"line":2,"column":26}},"loc":{"start":{"line":2,"column":32},"end":{"line":4,"column":1}},"line":2}},"branchMap":{},"s":{"0":0},"f":{"0":0},"b":{},"hash":"644c0869caee4481b080d5565a1ebd1a18c08048"}
,"/Users/benmorris/repos/action-test/src/index.js": {"path":"/Users/benmorris/repos/action-test/src/index.js","statementMap":{"0":{"start":{"line":6,"column":0},"end":{"line":9,"column":2}}},"fnMap":{},"branchMap":{},"s":{"0":0},"f":{},"b":{},"hash":"be9f377863f3c072aa27b8f1e194be298ab6f2fa"}
}
